<?xml version="1.0" encoding="UTF-8"?>
<!-- Generated by org.testng.reporters.JUnitXMLReporter -->
<testsuite hostname="Praveenas-MacBook-Pro.local" ignored="34" name="Default test" tests="1" failures="0" timestamp="2022-01-31T16:23:23 PST" time="19.655" errors="0">
  <testcase name="CancelNewView" time="19.615" classname="com.selenium.test.SalesForceAutomation"/>
  <testcase name="RememberMe" time="0.0" classname="com.selenium.test.SalesForceAutomation">
    <ignored/>
  </testcase> <!-- RememberMe -->
  <testcase name="LeadsTab" time="0.0" classname="com.selenium.test.SalesForceAutomation">
    <ignored/>
  </testcase> <!-- LeadsTab -->
  <testcase name="MyProfile" time="0.0" classname="com.selenium.test.SalesForceAutomation">
    <ignored/>
  </testcase> <!-- MyProfile -->
  <testcase name="NewViewContactError" time="0.0" classname="com.selenium.test.SalesForceAutomation">
    <ignored/>
  </testcase> <!-- NewViewContactError -->
  <testcase name="CheckNewLead" time="0.0" classname="com.selenium.test.SalesForceAutomation">
    <ignored/>
  </testcase> <!-- CheckNewLead -->
  <testcase name="CheckRecentlyCreatedContact" time="0.0" classname="com.selenium.test.SalesForceAutomation">
    <ignored/>
  </testcase> <!-- CheckRecentlyCreatedContact -->
  <testcase name="TestOpportunityPipelineReport" time="0.0" classname="com.selenium.test.SalesForceAutomation">
    <ignored/>
  </testcase> <!-- TestOpportunityPipelineReport -->
  <testcase name="MySettings" time="0.0" classname="com.selenium.test.SalesForceAutomation">
    <ignored/>
  </testcase> <!-- MySettings -->
  <testcase name="VerifyUpdatedLast" time="0.0" classname="com.selenium.test.SalesForceAutomation">
    <ignored/>
  </testcase> <!-- VerifyUpdatedLast -->
  <testcase name="VerifyTabCustomization" time="0.0" classname="com.selenium.test.SalesForceAutomation">
    <ignored/>
  </testcase> <!-- VerifyTabCustomization -->
  <testcase name="DefaultView" time="0.0" classname="com.selenium.test.SalesForceAutomation">
    <ignored/>
  </testcase> <!-- DefaultView -->
  <testcase name="SalesLoginFull" time="0.0" classname="com.selenium.test.SalesForceAutomation">
    <ignored/>
  </testcase> <!-- SalesLoginFull -->
  <testcase name="DeveloperConsole" time="0.0" classname="com.selenium.test.SalesForceAutomation">
    <ignored/>
  </testcase> <!-- DeveloperConsole -->
  <testcase name="SaveAndNewView" time="0.0" classname="com.selenium.test.SalesForceAutomation">
    <ignored/>
  </testcase> <!-- SaveAndNewView -->
  <testcase name="ForgotPass" time="0.0" classname="com.selenium.test.SalesForceAutomation">
    <ignored/>
  </testcase> <!-- ForgotPass -->
  <testcase name="CreateAccount" time="0.0" classname="com.selenium.test.SalesForceAutomation">
    <ignored/>
  </testcase> <!-- CreateAccount -->
  <testcase name="TestStuckOpportunitiesReport" time="0.0" classname="com.selenium.test.SalesForceAutomation">
    <ignored/>
  </testcase> <!-- TestStuckOpportunitiesReport -->
  <testcase name="CreateNewView" time="0.0" classname="com.selenium.test.SalesForceAutomation">
    <ignored/>
  </testcase> <!-- CreateNewView -->
  <testcase name="CreateAccountReport" time="0.0" classname="com.selenium.test.SalesForceAutomation">
    <ignored/>
  </testcase> <!-- CreateAccountReport -->
  <testcase name="ViewContact" time="0.0" classname="com.selenium.test.SalesForceAutomation">
    <ignored/>
  </testcase> <!-- ViewContact -->
  <testcase name="LeadsSelectView" time="0.0" classname="com.selenium.test.SalesForceAutomation">
    <ignored/>
  </testcase> <!-- LeadsSelectView -->
  <testcase name="BlockingAnEvent" time="0.0" classname="com.selenium.test.SalesForceAutomation">
    <ignored/>
  </testcase> <!-- BlockingAnEvent -->
  <testcase name="UserMenu" time="0.0" classname="com.selenium.test.SalesForceAutomation">
    <ignored/>
  </testcase> <!-- UserMenu -->
  <testcase name="TestQuaterlySummaryReport" time="0.0" classname="com.selenium.test.SalesForceAutomation">
    <ignored/>
  </testcase> <!-- TestQuaterlySummaryReport -->
  <testcase name="LoginAttemptFail" time="0.0" classname="com.selenium.test.SalesForceAutomation">
    <ignored/>
  </testcase> <!-- LoginAttemptFail -->
  <testcase name="CreateContact" time="0.0" classname="com.selenium.test.SalesForceAutomation">
    <ignored/>
  </testcase> <!-- CreateContact -->
  <testcase name="MergeAccounts" time="0.0" classname="com.selenium.test.SalesForceAutomation">
    <ignored/>
  </testcase> <!-- MergeAccounts -->
  <testcase name="CreateOpportunity" time="0.0" classname="com.selenium.test.SalesForceAutomation">
    <ignored/>
  </testcase> <!-- CreateOpportunity -->
  <testcase name="CalendarWeeklyRecurrence" time="0.0" classname="com.selenium.test.SalesForceAutomation">
    <ignored/>
  </testcase> <!-- CalendarWeeklyRecurrence -->
  <testcase name="CreateNewViewContact" time="0.0" classname="com.selenium.test.SalesForceAutomation">
    <ignored/>
  </testcase> <!-- CreateNewViewContact -->
  <testcase name="VerifyLoggedUser" time="0.0" classname="com.selenium.test.SalesForceAutomation">
    <ignored/>
  </testcase> <!-- VerifyLoggedUser -->
  <testcase name="OpportunitiesDropDown" time="0.0" classname="com.selenium.test.SalesForceAutomation">
    <ignored/>
  </testcase> <!-- OpportunitiesDropDown -->
  <testcase name="EditView" time="0.0" classname="com.selenium.test.SalesForceAutomation">
    <ignored/>
  </testcase> <!-- EditView -->
  <testcase name="CheckMyContactsView" time="0.0" classname="com.selenium.test.SalesForceAutomation">
    <ignored/>
  </testcase> <!-- CheckMyContactsView -->
</testsuite> <!-- Default test -->
